<?xml version="1.0" encoding="UTF-8"?>
<testng-results skipped="0" failed="1" ignored="0" total="1" passed="0">
  <reporter-output>
  </reporter-output>
  <suite name="Default suite" duration-ms="5532" started-at="2022-08-31T11:00:48 EDT" finished-at="2022-08-31T11:00:54 EDT">
    <groups>
    </groups>
    <test name="Default test" duration-ms="5532" started-at="2022-08-31T11:00:48 EDT" finished-at="2022-08-31T11:00:54 EDT">
      <class name="test.AddContactTest">
        <test-method status="FAIL" signature="validUserShouldBeAbleToAddCustomer()[pri:0, instance:test.AddContactTest@1d29cf23]" name="validUserShouldBeAbleToAddCustomer" duration-ms="5484" started-at="2022-08-31T11:00:48 EDT" finished-at="2022-08-31T11:00:54 EDT">
          <exception class="org.openqa.selenium.SessionNotCreatedException">
            <message>
              <![CDATA[session not created: This version of ChromeDriver only supports Chrome version 102
Current browser version is 104.0.5112.102 with binary path C:\Program Files\Google\Chrome\Application\chrome.exe
Build info: version: '3.141.59', revision: 'e82be7d358', time: '2018-11-14T08:17:03'
System info: host: 'DESKTOP-1C8Q75N', ip: '192.168.1.215', os.name: 'Windows 10', os.arch: 'amd64', os.version: '10.0', java.version: '1.8.0_202'
Driver info: driver.version: ChromeDriver
remote stacktrace: Backtrace:
Ordinal0 [0x00A3D953+2414931]
Ordinal0 [0x009CF5E1+1963489]
Ordinal0 [0x008BC6B8+837304]
Ordinal0 [0x008DCAE3+969443]
Ordinal0 [0x008D86FA+952058]
Ordinal0 [0x008D5FB1+942001]
Ordinal0 [0x00909100+1151232]
Ordinal0 [0x00908D5A+1150298]
Ordinal0 [0x009042B6+1131190]
Ordinal0 [0x008DE860+976992]
Ordinal0 [0x008DF756+980822]
GetHandleVerifier [0x00CACC62+2510274]
GetHandleVerifier [0x00C9F760+2455744]
GetHandleVerifier [0x00ACEABA+551962]
GetHandleVerifier [0x00ACD916+547446]
Ordinal0 [0x009D5F3B+1990459]
Ordinal0 [0x009DA898+2009240]
Ordinal0 [0x009DA985+2009477]
Ordinal0 [0x009E3AD1+2046673]
BaseThreadInitThunk [0x75BDFA29+25]
RtlGetAppContainerNamedObjectPath [0x77187A9E+286]
RtlGetAppContainerNamedObjectPath [0x77187A6E+238]
]]>
            </message>
            <full-stacktrace>
              <![CDATA[org.openqa.selenium.SessionNotCreatedException: session not created: This version of ChromeDriver only supports Chrome version 102
Current browser version is 104.0.5112.102 with binary path C:\Program Files\Google\Chrome\Application\chrome.exe
Build info: version: '3.141.59', revision: 'e82be7d358', time: '2018-11-14T08:17:03'
System info: host: 'DESKTOP-1C8Q75N', ip: '192.168.1.215', os.name: 'Windows 10', os.arch: 'amd64', os.version: '10.0', java.version: '1.8.0_202'
Driver info: driver.version: ChromeDriver
remote stacktrace: Backtrace:
Ordinal0 [0x00A3D953+2414931]
Ordinal0 [0x009CF5E1+1963489]
Ordinal0 [0x008BC6B8+837304]
Ordinal0 [0x008DCAE3+969443]
Ordinal0 [0x008D86FA+952058]
Ordinal0 [0x008D5FB1+942001]
Ordinal0 [0x00909100+1151232]
Ordinal0 [0x00908D5A+1150298]
Ordinal0 [0x009042B6+1131190]
Ordinal0 [0x008DE860+976992]
Ordinal0 [0x008DF756+980822]
GetHandleVerifier [0x00CACC62+2510274]
GetHandleVerifier [0x00C9F760+2455744]
GetHandleVerifier [0x00ACEABA+551962]
GetHandleVerifier [0x00ACD916+547446]
Ordinal0 [0x009D5F3B+1990459]
Ordinal0 [0x009DA898+2009240]
Ordinal0 [0x009DA985+2009477]
Ordinal0 [0x009E3AD1+2046673]
BaseThreadInitThunk [0x75BDFA29+25]
RtlGetAppContainerNamedObjectPath [0x77187A9E+286]
RtlGetAppContainerNamedObjectPath [0x77187A6E+238]

at sun.reflect.NativeConstructorAccessorImpl.newInstance0(Native Method)
at sun.reflect.NativeConstructorAccessorImpl.newInstance(NativeConstructorAccessorImpl.java:62)
at sun.reflect.DelegatingConstructorAccessorImpl.newInstance(DelegatingConstructorAccessorImpl.java:45)
at java.lang.reflect.Constructor.newInstance(Constructor.java:423)
at org.openqa.selenium.remote.W3CHandshakeResponse.lambda$errorHandler$0(W3CHandshakeResponse.java:62)
at org.openqa.selenium.remote.HandshakeResponse.lambda$getResponseFunction$0(HandshakeResponse.java:30)
at org.openqa.selenium.remote.ProtocolHandshake.lambda$createSession$0(ProtocolHandshake.java:126)
at java.util.stream.ReferencePipeline$3$1.accept(ReferencePipeline.java:193)
at java.util.Spliterators$ArraySpliterator.tryAdvance(Spliterators.java:958)
at java.util.stream.ReferencePipeline.forEachWithCancel(ReferencePipeline.java:126)
at java.util.stream.AbstractPipeline.copyIntoWithCancel(AbstractPipeline.java:498)
at java.util.stream.AbstractPipeline.copyInto(AbstractPipeline.java:485)
at java.util.stream.AbstractPipeline.wrapAndCopyInto(AbstractPipeline.java:471)
at java.util.stream.FindOps$FindOp.evaluateSequential(FindOps.java:152)
at java.util.stream.AbstractPipeline.evaluate(AbstractPipeline.java:234)
at java.util.stream.ReferencePipeline.findFirst(ReferencePipeline.java:464)
at org.openqa.selenium.remote.ProtocolHandshake.createSession(ProtocolHandshake.java:128)
at org.openqa.selenium.remote.ProtocolHandshake.createSession(ProtocolHandshake.java:74)
at org.openqa.selenium.remote.HttpCommandExecutor.execute(HttpCommandExecutor.java:136)
at org.openqa.selenium.remote.service.DriverCommandExecutor.execute(DriverCommandExecutor.java:83)
at org.openqa.selenium.remote.RemoteWebDriver.execute(RemoteWebDriver.java:552)
at org.openqa.selenium.remote.RemoteWebDriver.startSession(RemoteWebDriver.java:213)
at org.openqa.selenium.remote.RemoteWebDriver.<init>(RemoteWebDriver.java:131)
at org.openqa.selenium.chrome.ChromeDriver.<init>(ChromeDriver.java:181)
at org.openqa.selenium.chrome.ChromeDriver.<init>(ChromeDriver.java:168)
at org.openqa.selenium.chrome.ChromeDriver.<init>(ChromeDriver.java:123)
at util.BrowserFactory.init(BrowserFactory.java:12)
at test.AddContactTest.validUserShouldBeAbleToAddCustomer(AddContactTest.java:16)
at sun.reflect.NativeMethodAccessorImpl.invoke0(Native Method)
at sun.reflect.NativeMethodAccessorImpl.invoke(NativeMethodAccessorImpl.java:62)
at sun.reflect.DelegatingMethodAccessorImpl.invoke(DelegatingMethodAccessorImpl.java:43)
at java.lang.reflect.Method.invoke(Method.java:498)
at org.testng.internal.MethodInvocationHelper.invokeMethod(MethodInvocationHelper.java:133)
at org.testng.internal.TestInvoker.invokeMethod(TestInvoker.java:598)
at org.testng.internal.TestInvoker.invokeTestMethod(TestInvoker.java:173)
at org.testng.internal.MethodRunner.runInSequence(MethodRunner.java:46)
at org.testng.internal.TestInvoker$MethodInvocationAgent.invoke(TestInvoker.java:824)
at org.testng.internal.TestInvoker.invokeTestMethods(TestInvoker.java:146)
at org.testng.internal.TestMethodWorker.invokeTestMethods(TestMethodWorker.java:146)
at org.testng.internal.TestMethodWorker.run(TestMethodWorker.java:128)
at java.util.ArrayList.forEach(ArrayList.java:1257)
at org.testng.TestRunner.privateRun(TestRunner.java:794)
at org.testng.TestRunner.run(TestRunner.java:596)
at org.testng.SuiteRunner.runTest(SuiteRunner.java:377)
at org.testng.SuiteRunner.runSequentially(SuiteRunner.java:371)
at org.testng.SuiteRunner.privateRun(SuiteRunner.java:332)
at org.testng.SuiteRunner.run(SuiteRunner.java:276)
at org.testng.SuiteRunnerWorker.runSuite(SuiteRunnerWorker.java:53)
at org.testng.SuiteRunnerWorker.run(SuiteRunnerWorker.java:96)
at org.testng.TestNG.runSuitesSequentially(TestNG.java:1212)
at org.testng.TestNG.runSuitesLocally(TestNG.java:1134)
at org.testng.TestNG.runSuites(TestNG.java:1063)
at org.testng.TestNG.run(TestNG.java:1031)
at org.testng.remote.AbstractRemoteTestNG.run(AbstractRemoteTestNG.java:115)
at org.testng.remote.RemoteTestNG.initAndRun(RemoteTestNG.java:251)
at org.testng.remote.RemoteTestNG.main(RemoteTestNG.java:77)
]]>
            </full-stacktrace>
          </exception> <!-- org.openqa.selenium.SessionNotCreatedException -->
          <reporter-output>
          </reporter-output>
        </test-method> <!-- validUserShouldBeAbleToAddCustomer -->
      </class> <!-- test.AddContactTest -->
    </test> <!-- Default test -->
  </suite> <!-- Default suite -->
</testng-results>
